<?xml version='1.0' encoding='UTF-8'?>
<testsuite hostname="DESKTOP-DIIQRF1" name="tictactoe.GameSuite" tests="10" errors="0" failures="0" time="0.06">
                     <properties>
[...]
</properties>
                     <testcase classname="tictactoe.GameSuite" name="whenXOutsideBoardThenRuntimeException" time="0.02">
                                                 
                                               </testcase><testcase classname="tictactoe.GameSuite" name="whenYOutsideBoardThenRuntimeException" time="0.001">
                                                 
                                               </testcase><testcase classname="tictactoe.GameSuite" name="whenOccupiedThenRuntimeException" time="0.013">
                                                 
                                               </testcase><testcase classname="tictactoe.GameSuite" name="givenFirstTurnWhenNextPlayerThenX" time="0.003">
                                                 
                                               </testcase><testcase classname="tictactoe.GameSuite" name="givenLastTurnWasXThenNextPlayerO" time="0.001">
                                                 
                                               </testcase><testcase classname="tictactoe.GameSuite" name="whenPlayThenNoWinner" time="0.001">
                                                 
                                               </testcase><testcase classname="tictactoe.GameSuite" name="whenPlayAndWholeHorizontalLineThenWinner" time="0.004">
                                                 
                                               </testcase><testcase classname="tictactoe.GameSuite" name="whenPlayAndWholeVerticalLineThenWinner" time="0.003">
                                                 
                                               </testcase><testcase classname="tictactoe.GameSuite" name="whenPlayAndWholeTopBottomDiagonalThenWinner" time="0.002">
                                                 
                                               </testcase><testcase classname="tictactoe.GameSuite" name="whenPlayAndWholeBottomTopDiagonalThenWinner" time="0.012">
                                                 
                                               </testcase>
                     <system-out></system-out>
                     <system-err></system-err>
                   </testsuite>