<?xml version="1.0"?>
<!DOCTYPE coverage SYSTEM "https://raw.githubusercontent.com/cobertura/cobertura/master/cobertura/src/site/htdocs/xml/coverage-04.dtd">
<coverage 
line-rate="1,00" lines-covered="99" lines-valid="99" branches-covered="8" branches-valid="8" branch-rate="1,00" complexity="0" version="1.0" timestamp="1460916512452">
    <sources>
        <source>--source</source>
        <source>D:/STUD/TestProjects/TDD/src/main/scala-2.11</source>
        <source>D:/STUD/TestProjects/TDD/src/main/scala</source>
        <source>D:/STUD/TestProjects/TDD/src/main/java</source>
        <source>D:/STUD/TestProjects/TDD/target/scala-2.11/src_managed/main</source>
    </sources>
    <packages>
        <package name="tictactoe" line-rate="1,00" branch-rate="1,00" complexity="0">
            <classes>
                <class name="TicTacToe" filename="tictactoe/TicTacToe.scala" line-rate="1,00" branch-rate="1,00" complexity="0">
                    <methods>
                        <method name="tictactoe/TicTacToe/topBottomCollector" signature="()V" line-rate="1,00" branch-rate="1,00">
                            <lines>
                                <line number="46" hits="1" branch="false"/>
                                <line number="46" hits="1" branch="false"/>
                            </lines>
                        </method>
                        <method name="tictactoe/TicTacToe/bottomTopCollector" signature="()V" line-rate="1,00" branch-rate="1,00">
                            <lines>
                                <line number="47" hits="1" branch="false"/>
                                <line number="47" hits="1" branch="false"/>
                                <line number="47" hits="1" branch="false"/>
                                <line number="47" hits="1" branch="false"/>
                                <line number="47" hits="1" branch="false"/>
                            </lines>
                        </method>
                        <method name="tictactoe/TicTacToe/&lt;none&gt;" signature="()V" line-rate="1,00" branch-rate="1,00">
                            <lines>
                                <line number="19" hits="1" branch="false"/>
                                <line number="21" hits="1" branch="false"/>
                                <line number="20" hits="1" branch="false"/>
                                <line number="9" hits="1" branch="false"/>
                                <line number="13" hits="1" branch="false"/>
                                <line number="20" hits="1" branch="false"/>
                                <line number="12" hits="1" branch="false"/>
                                <line number="20" hits="1" branch="false"/>
                                <line number="21" hits="1" branch="false"/>
                                <line number="19" hits="1" branch="false"/>
                                <line number="19" hits="1" branch="false"/>
                                <line number="8" hits="1" branch="false"/>
                                <line number="18" hits="1" branch="false"/>
                                <line number="19" hits="1" branch="false"/>
                                <line number="21" hits="1" branch="false"/>
                                <line number="20" hits="1" branch="false"/>
                                <line number="11" hits="1" branch="false"/>
                                <line number="21" hits="1" branch="false"/>
                                <line number="17" hits="1" branch="false"/>
                            </lines>
                        </method>
                        <method name="tictactoe/TicTacToe/setBox" signature="()V" line-rate="1,00" branch-rate="1,00">
                            <lines>
                                <line number="34" hits="1" branch="false"/>
                                <line number="39" hits="1" branch="false"/>
                                <line number="35" hits="1" branch="false"/>
                                <line number="36" hits="1" branch="false"/>
                                <line number="39" hits="1" branch="false"/>
                                <line number="34" hits="1" branch="false"/>
                                <line number="34" hits="1" branch="false"/>
                                <line number="35" hits="1" branch="false"/>
                                <line number="35" hits="1" branch="false"/>
                                <line number="36" hits="1" branch="false"/>
                                <line number="34" hits="1" branch="false"/>
                            </lines>
                        </method>
                        <method name="tictactoe/TicTacToe/play" signature="()V" line-rate="1,00" branch-rate="1,00">
                            <lines>
                                <line number="30" hits="1" branch="false"/>
                                <line number="31" hits="1" branch="false"/>
                            </lines>
                        </method>
                        <method name="tictactoe/TicTacToe/verticalCollector" signature="()V" line-rate="1,00" branch-rate="1,00">
                            <lines>
                                <line number="45" hits="1" branch="false"/>
                            </lines>
                        </method>
                        <method name="tictactoe/TicTacToe/checkAxis" signature="()V" line-rate="1,00" branch-rate="1,00">
                            <lines>
                                <line number="25" hits="1" branch="false"/>
                                <line number="25" hits="1" branch="false"/>
                                <line number="25" hits="1" branch="false"/>
                                <line number="25" hits="1" branch="false"/>
                                <line number="25" hits="1" branch="false"/>
                                <line number="28" hits="1" branch="false"/>
                                <line number="27" hits="1" branch="false"/>
                                <line number="25" hits="1" branch="false"/>
                                <line number="25" hits="1" branch="false"/>
                            </lines>
                        </method>
                        <method name="tictactoe/TicTacToe/collectResults" signature="()V" line-rate="1,00" branch-rate="1,00">
                            <lines>
                                <line number="56" hits="1" branch="false"/>
                                <line number="50" hits="1" branch="false"/>
                                <line number="54" hits="1" branch="false"/>
                                <line number="50" hits="1" branch="false"/>
                                <line number="55" hits="1" branch="false"/>
                                <line number="53" hits="1" branch="false"/>
                                <line number="55" hits="1" branch="false"/>
                                <line number="50" hits="1" branch="false"/>
                                <line number="50" hits="1" branch="false"/>
                                <line number="50" hits="1" branch="false"/>
                                <line number="55" hits="1" branch="false"/>
                                <line number="54" hits="1" branch="false"/>
                                <line number="50" hits="1" branch="false"/>
                                <line number="54" hits="1" branch="false"/>
                                <line number="56" hits="1" branch="false"/>
                                <line number="53" hits="1" branch="false"/>
                                <line number="50" hits="1" branch="false"/>
                                <line number="50" hits="1" branch="false"/>
                                <line number="54" hits="1" branch="false"/>
                                <line number="56" hits="1" branch="false"/>
                                <line number="50" hits="1" branch="false"/>
                                <line number="55" hits="1" branch="false"/>
                                <line number="55" hits="1" branch="false"/>
                                <line number="50" hits="1" branch="false"/>
                                <line number="54" hits="1" branch="false"/>
                                <line number="50" hits="1" branch="false"/>
                            </lines>
                        </method>
                        <method name="tictactoe/TicTacToe/nextPlayer" signature="()V" line-rate="1,00" branch-rate="1,00">
                            <lines>
                                <line number="64" hits="1" branch="false"/>
                                <line number="64" hits="1" branch="false"/>
                                <line number="64" hits="1" branch="false"/>
                                <line number="64" hits="1" branch="false"/>
                                <line number="64" hits="1" branch="false"/>
                                <line number="64" hits="1" branch="false"/>
                            </lines>
                        </method>
                        <method name="tictactoe/TicTacToe/checkWinner" signature="()V" line-rate="1,00" branch-rate="1,00">
                            <lines>
                                <line number="61" hits="1" branch="false"/>
                                <line number="60" hits="1" branch="false"/>
                                <line number="60" hits="1" branch="false"/>
                                <line number="61" hits="1" branch="false"/>
                                <line number="61" hits="1" branch="false"/>
                                <line number="60" hits="1" branch="false"/>
                                <line number="60" hits="1" branch="false"/>
                                <line number="61" hits="1" branch="false"/>
                                <line number="61" hits="1" branch="false"/>
                                <line number="61" hits="1" branch="false"/>
                                <line number="60" hits="1" branch="false"/>
                                <line number="61" hits="1" branch="false"/>
                            </lines>
                        </method>
                        <method name="tictactoe/TicTacToe/checkResults" signature="()V" line-rate="1,00" branch-rate="1,00">
                            <lines>
                                <line number="43" hits="1" branch="false"/>
                                <line number="43" hits="1" branch="false"/>
                                <line number="43" hits="1" branch="false"/>
                                <line number="43" hits="1" branch="false"/>
                                <line number="43" hits="1" branch="false"/>
                                <line number="43" hits="1" branch="false"/>
                            </lines>
                        </method>
                    </methods>
                    <lines>
                        <line number="61" hits="1" branch="false"/>
                        <line number="60" hits="1" branch="false"/>
                        <line number="64" hits="1" branch="false"/>
                        <line number="25" hits="1" branch="false"/>
                        <line number="60" hits="1" branch="false"/>
                        <line number="56" hits="1" branch="false"/>
                        <line number="50" hits="1" branch="false"/>
                        <line number="46" hits="1" branch="false"/>
                        <line number="54" hits="1" branch="false"/>
                        <line number="34" hits="1" branch="false"/>
                        <line number="39" hits="1" branch="false"/>
                        <line number="50" hits="1" branch="false"/>
                        <line number="47" hits="1" branch="false"/>
                        <line number="35" hits="1" branch="false"/>
                        <line number="43" hits="1" branch="false"/>
                        <line number="19" hits="1" branch="false"/>
                        <line number="21" hits="1" branch="false"/>
                        <line number="25" hits="1" branch="false"/>
                        <line number="55" hits="1" branch="false"/>
                        <line number="61" hits="1" branch="false"/>
                        <line number="64" hits="1" branch="false"/>
                        <line number="53" hits="1" branch="false"/>
                        <line number="20" hits="1" branch="false"/>
                        <line number="55" hits="1" branch="false"/>
                        <line number="50" hits="1" branch="false"/>
                        <line number="30" hits="1" branch="false"/>
                        <line number="36" hits="1" branch="false"/>
                        <line number="43" hits="1" branch="false"/>
                        <line number="25" hits="1" branch="false"/>
                        <line number="9" hits="1" branch="false"/>
                        <line number="50" hits="1" branch="false"/>
                        <line number="13" hits="1" branch="false"/>
                        <line number="20" hits="1" branch="false"/>
                        <line number="43" hits="1" branch="false"/>
                        <line number="61" hits="1" branch="false"/>
                        <line number="60" hits="1" branch="false"/>
                        <line number="50" hits="1" branch="false"/>
                        <line number="47" hits="1" branch="false"/>
                        <line number="55" hits="1" branch="false"/>
                        <line number="64" hits="1" branch="false"/>
                        <line number="60" hits="1" branch="false"/>
                        <line number="54" hits="1" branch="false"/>
                        <line number="50" hits="1" branch="false"/>
                        <line number="39" hits="1" branch="false"/>
                        <line number="46" hits="1" branch="false"/>
                        <line number="12" hits="1" branch="false"/>
                        <line number="20" hits="1" branch="false"/>
                        <line number="25" hits="1" branch="false"/>
                        <line number="34" hits="1" branch="false"/>
                        <line number="54" hits="1" branch="false"/>
                        <line number="21" hits="1" branch="false"/>
                        <line number="64" hits="1" branch="false"/>
                        <line number="19" hits="1" branch="false"/>
                        <line number="56" hits="1" branch="false"/>
                        <line number="61" hits="1" branch="false"/>
                        <line number="53" hits="1" branch="false"/>
                        <line number="43" hits="1" branch="false"/>
                        <line number="47" hits="1" branch="false"/>
                        <line number="25" hits="1" branch="false"/>
                        <line number="34" hits="1" branch="false"/>
                        <line number="50" hits="1" branch="false"/>
                        <line number="19" hits="1" branch="false"/>
                        <line number="35" hits="1" branch="false"/>
                        <line number="8" hits="1" branch="false"/>
                        <line number="28" hits="1" branch="false"/>
                        <line number="18" hits="1" branch="false"/>
                        <line number="50" hits="1" branch="false"/>
                        <line number="61" hits="1" branch="false"/>
                        <line number="64" hits="1" branch="false"/>
                        <line number="54" hits="1" branch="false"/>
                        <line number="56" hits="1" branch="false"/>
                        <line number="64" hits="1" branch="false"/>
                        <line number="50" hits="1" branch="false"/>
                        <line number="61" hits="1" branch="false"/>
                        <line number="43" hits="1" branch="false"/>
                        <line number="47" hits="1" branch="false"/>
                        <line number="55" hits="1" branch="false"/>
                        <line number="55" hits="1" branch="false"/>
                        <line number="27" hits="1" branch="false"/>
                        <line number="35" hits="1" branch="false"/>
                        <line number="19" hits="1" branch="false"/>
                        <line number="21" hits="1" branch="false"/>
                        <line number="45" hits="1" branch="false"/>
                        <line number="25" hits="1" branch="false"/>
                        <line number="50" hits="1" branch="false"/>
                        <line number="20" hits="1" branch="false"/>
                        <line number="11" hits="1" branch="false"/>
                        <line number="60" hits="1" branch="false"/>
                        <line number="61" hits="1" branch="false"/>
                        <line number="54" hits="1" branch="false"/>
                        <line number="31" hits="1" branch="false"/>
                        <line number="36" hits="1" branch="false"/>
                        <line number="50" hits="1" branch="false"/>
                        <line number="21" hits="1" branch="false"/>
                        <line number="43" hits="1" branch="false"/>
                        <line number="47" hits="1" branch="false"/>
                        <line number="25" hits="1" branch="false"/>
                        <line number="34" hits="1" branch="false"/>
                        <line number="17" hits="1" branch="false"/>
                    </lines>
                </class>
            </classes>
        </package>
    </packages>
</coverage>
